[2022-11-10T15:05:31.754] [DEBUG] default - Some debug messages
[2022-11-10T15:05:48.475] [DEBUG] default - Session ID @ /profile route: 3:05:48 PM: prKW1yM9YbYEomGPVCFT_nT6418PpVva
[2022-11-10T15:05:48.475] [DEBUG] default - else Statement
[2022-11-10T15:05:48.712] [DEBUG] default - Session ID @ /profile route: 3:05:48 PM: prKW1yM9YbYEomGPVCFT_nT6418PpVva
[2022-11-10T15:05:48.712] [DEBUG] default - else Statement
[2022-11-10T15:05:51.410] [DEBUG] default - Session ID @ /profile route: 3:05:51 PM: prKW1yM9YbYEomGPVCFT_nT6418PpVva
[2022-11-10T15:05:51.410] [DEBUG] default - else Statement
[2022-11-10T15:05:55.455] [DEBUG] default - Session ID before @ /login route: 3:05:55 PM: vX-D8fiy3e4yqst0FvNr3fM4p75nQ-Gd
[2022-11-10T15:05:55.455] [DEBUG] default - Session ID after @ /login route: vX-D8fiy3e4yqst0FvNr3fM4p75nQ-Gd
[2022-11-10T15:05:55.456] [DEBUG] default - User is logged in: alex@s3v.us
[2022-11-10T15:05:55.456] [DEBUG] default - User is Authenticated: true
[2022-11-10T15:05:57.685] [DEBUG] default - Session ID @ /profile route: 3:05:57 PM: vX-D8fiy3e4yqst0FvNr3fM4p75nQ-Gd
[2022-11-10T15:05:57.685] [DEBUG] default - true
[2022-11-10T15:05:57.685] [DEBUG] default - user: alex@s3v.us
[2022-11-10T15:05:57.718] [DEBUG] default - alex@s3v.us
[2022-11-10T15:05:57.718] [DEBUG] default - [
  {
    _id: new ObjectId("6365a06f87f63cfa66d4ef2a"),
    date: '10/4/2022',
    time: '16:29',
    username: 'alex@s3v.us',
    __v: 0
  },
  {
    _id: new ObjectId("636b1716a3d166b45dd8338c"),
    date: '11/17/2022',
    time: '06:57 PM',
    username: 'alex@s3v.us',
    __v: 0
  }
]
[2022-11-10T15:05:57.721] [DEBUG] default - Session ID @ /profile route: 3:05:57 PM: vX-D8fiy3e4yqst0FvNr3fM4p75nQ-Gd
[2022-11-10T15:05:57.721] [DEBUG] default - true
[2022-11-10T15:05:57.721] [DEBUG] default - user: alex@s3v.us
[2022-11-10T15:05:57.787] [DEBUG] default - Session ID @ /profile route: 3:05:57 PM: vX-D8fiy3e4yqst0FvNr3fM4p75nQ-Gd
[2022-11-10T15:05:57.787] [DEBUG] default - true
[2022-11-10T15:05:57.787] [DEBUG] default - user: alex@s3v.us
[2022-11-10T15:05:57.857] [DEBUG] default - Session ID @ /profile route: 3:05:57 PM: vX-D8fiy3e4yqst0FvNr3fM4p75nQ-Gd
[2022-11-10T15:05:57.857] [DEBUG] default - true
[2022-11-10T15:05:57.857] [DEBUG] default - user: alex@s3v.us
[2022-11-10T15:05:58.013] [DEBUG] default - alex@s3v.us
[2022-11-10T15:05:58.013] [DEBUG] default - [
  {
    _id: new ObjectId("6365a06f87f63cfa66d4ef2a"),
    date: '10/4/2022',
    time: '16:29',
    username: 'alex@s3v.us',
    __v: 0
  },
  {
    _id: new ObjectId("636b1716a3d166b45dd8338c"),
    date: '11/17/2022',
    time: '06:57 PM',
    username: 'alex@s3v.us',
    __v: 0
  }
]
[2022-11-10T15:06:18.150] [DEBUG] default - Session ID @ /logout route: vX-D8fiy3e4yqst0FvNr3fM4p75nQ-Gd
[2022-11-10T15:06:18.150] [DEBUG] default - User is logged in: alex@s3v.us
[2022-11-10T15:06:18.412] [DEBUG] default - Session ID @ /profile route: 3:06:18 PM: z8IRyY31tR-nJ395rLWy3xzQ0Vsbs60n
[2022-11-10T15:06:18.412] [DEBUG] default - else Statement
[2022-11-10T18:48:41.002] [DEBUG] default - Some debug messages
[2022-11-10T18:48:51.013] [DEBUG] default - Some debug messages
[2022-11-10T18:49:04.560] [DEBUG] default - Session ID @ /profile route: 6:49:04 PM: z8IRyY31tR-nJ395rLWy3xzQ0Vsbs60n
[2022-11-10T18:49:04.561] [ERROR] default - Not Authenticated
[2022-11-10T18:49:04.798] [DEBUG] default - Session ID @ /profile route: 6:49:04 PM: z8IRyY31tR-nJ395rLWy3xzQ0Vsbs60n
[2022-11-10T18:49:04.798] [ERROR] default - Not Authenticated
[2022-11-10T18:49:04.831] [DEBUG] default - Session ID @ /profile route: 6:49:04 PM: z8IRyY31tR-nJ395rLWy3xzQ0Vsbs60n
[2022-11-10T18:49:04.831] [ERROR] default - Not Authenticated
[2022-11-10T18:49:06.433] [DEBUG] default - Session ID @ /profile route: 6:49:06 PM: z8IRyY31tR-nJ395rLWy3xzQ0Vsbs60n
[2022-11-10T18:49:06.434] [ERROR] default - Not Authenticated
[2022-11-11T16:26:36.911] [DEBUG] default - Some debug messages
[2022-11-11T16:26:56.777] [DEBUG] default - Session ID @ /profile route: 4:26:56 PM: z8IRyY31tR-nJ395rLWy3xzQ0Vsbs60n
[2022-11-11T16:26:56.778] [ERROR] default - /profile 302 Not Authenticated
[2022-11-11T16:26:57.015] [DEBUG] default - Session ID @ /profile route: 4:26:57 PM: z8IRyY31tR-nJ395rLWy3xzQ0Vsbs60n
[2022-11-11T16:26:57.015] [ERROR] default - /profile 302 Not Authenticated
[2022-11-11T16:27:04.081] [DEBUG] default - Session ID @ /profile route: 4:27:04 PM: z8IRyY31tR-nJ395rLWy3xzQ0Vsbs60n
[2022-11-11T16:27:04.081] [ERROR] default - /profile 302 Not Authenticated
[2022-11-12T15:44:07.937] [DEBUG] default - Some debug messages
[2022-11-12T15:44:30.705] [DEBUG] default - Session ID @ /profile route: 3:44:30 PM: z8IRyY31tR-nJ395rLWy3xzQ0Vsbs60n
[2022-11-12T15:44:30.706] [ERROR] default - /profile 302 Not Authenticated
[2022-11-12T15:44:30.976] [DEBUG] default - Session ID @ /profile route: 3:44:30 PM: z8IRyY31tR-nJ395rLWy3xzQ0Vsbs60n
[2022-11-12T15:44:30.976] [ERROR] default - /profile 302 Not Authenticated
[2022-11-12T15:44:31.872] [DEBUG] default - Session ID @ /profile route: 3:44:31 PM: z8IRyY31tR-nJ395rLWy3xzQ0Vsbs60n
[2022-11-12T15:44:31.872] [ERROR] default - /profile 302 Not Authenticated
[2022-11-12T15:44:33.342] [DEBUG] default - Session ID @ /profile route: 3:44:33 PM: z8IRyY31tR-nJ395rLWy3xzQ0Vsbs60n
[2022-11-12T15:44:33.342] [ERROR] default - /profile 302 Not Authenticated
[2022-11-12T15:44:34.990] [DEBUG] default - Session ID before @ /login route: 3:44:34 PM: N496_7Suk2WsSzCWH9O4mZwW5wuLuXod
[2022-11-12T15:44:34.990] [DEBUG] default - Session ID after @ /login route: N496_7Suk2WsSzCWH9O4mZwW5wuLuXod
[2022-11-12T15:44:34.990] [DEBUG] default - User is logged in: alex@s3v.us
[2022-11-12T15:44:34.990] [DEBUG] default - User is Authenticated: true
[2022-11-12T15:44:34.990] [DEBUG] default - /login 200 Login Successful
[2022-11-12T15:44:37.239] [DEBUG] default - Session ID @ /profile route: 3:44:37 PM: N496_7Suk2WsSzCWH9O4mZwW5wuLuXod
[2022-11-12T15:44:37.239] [DEBUG] default - true
[2022-11-12T15:44:37.239] [DEBUG] default - user: alex@s3v.us
[2022-11-12T15:44:37.267] [DEBUG] default - alex@s3v.us
[2022-11-12T15:44:37.267] [DEBUG] default - [
  {
    _id: new ObjectId("6365a06f87f63cfa66d4ef2a"),
    date: '10/4/2022',
    time: '16:29',
    username: 'alex@s3v.us',
    __v: 0
  },
  {
    _id: new ObjectId("636b1716a3d166b45dd8338c"),
    date: '11/17/2022',
    time: '06:57 PM',
    username: 'alex@s3v.us',
    __v: 0
  }
]
[2022-11-12T15:44:37.271] [DEBUG] default - Session ID @ /profile route: 3:44:37 PM: N496_7Suk2WsSzCWH9O4mZwW5wuLuXod
[2022-11-12T15:44:37.271] [DEBUG] default - true
[2022-11-12T15:44:37.271] [DEBUG] default - user: alex@s3v.us
[2022-11-12T15:44:37.337] [DEBUG] default - Session ID @ /profile route: 3:44:37 PM: N496_7Suk2WsSzCWH9O4mZwW5wuLuXod
[2022-11-12T15:44:37.337] [DEBUG] default - true
[2022-11-12T15:44:37.337] [DEBUG] default - user: alex@s3v.us
[2022-11-12T15:44:37.428] [DEBUG] default - Session ID @ /profile route: 3:44:37 PM: N496_7Suk2WsSzCWH9O4mZwW5wuLuXod
[2022-11-12T15:44:37.428] [DEBUG] default - true
[2022-11-12T15:44:37.428] [DEBUG] default - user: alex@s3v.us
[2022-11-12T15:44:37.553] [DEBUG] default - alex@s3v.us
[2022-11-12T15:44:37.553] [DEBUG] default - [
  {
    _id: new ObjectId("6365a06f87f63cfa66d4ef2a"),
    date: '10/4/2022',
    time: '16:29',
    username: 'alex@s3v.us',
    __v: 0
  },
  {
    _id: new ObjectId("636b1716a3d166b45dd8338c"),
    date: '11/17/2022',
    time: '06:57 PM',
    username: 'alex@s3v.us',
    __v: 0
  }
]
[2022-11-12T15:49:53.963] [DEBUG] default - Session ID @ /profile route: 3:49:53 PM: N496_7Suk2WsSzCWH9O4mZwW5wuLuXod
[2022-11-12T15:49:53.963] [DEBUG] default - true
[2022-11-12T15:49:53.963] [DEBUG] default - user: alex@s3v.us
[2022-11-12T15:50:00.093] [DEBUG] default - Session ID @ /profile route: 3:50:00 PM: N496_7Suk2WsSzCWH9O4mZwW5wuLuXod
[2022-11-12T15:50:00.093] [DEBUG] default - true
[2022-11-12T15:50:00.094] [DEBUG] default - user: alex@s3v.us
[2022-11-12T15:50:12.764] [DEBUG] default - Session ID before @ /login route: 3:50:12 PM: nSAxVRfHkzjxohtAvI08ud7C9E9dVwBl
[2022-11-12T15:50:12.764] [DEBUG] default - Session ID after @ /login route: nSAxVRfHkzjxohtAvI08ud7C9E9dVwBl
[2022-11-12T15:50:12.764] [DEBUG] default - User is logged in: alex@s3v.us
[2022-11-12T15:50:12.764] [DEBUG] default - User is Authenticated: true
[2022-11-12T15:50:12.764] [DEBUG] default - /login 200 Login Successful
[2022-11-12T15:50:12.837] [DEBUG] default - Session ID before @ /login route: 3:50:12 PM: 4NjCetkFR0fLU72kkdGpaxSpgoL4sjMZ
[2022-11-12T15:50:12.837] [DEBUG] default - Session ID after @ /login route: 4NjCetkFR0fLU72kkdGpaxSpgoL4sjMZ
[2022-11-12T15:50:12.837] [DEBUG] default - User is logged in: alex@s3v.us
[2022-11-12T15:50:12.837] [DEBUG] default - User is Authenticated: true
[2022-11-12T15:50:12.837] [DEBUG] default - /login 200 Login Successful
[2022-11-12T15:50:15.518] [DEBUG] default - Session ID @ /profile route: 3:50:15 PM: 4NjCetkFR0fLU72kkdGpaxSpgoL4sjMZ
[2022-11-12T15:50:15.518] [DEBUG] default - true
[2022-11-12T15:50:15.518] [DEBUG] default - user: alex@s3v.us
[2022-11-12T15:50:15.521] [DEBUG] default - Session ID @ /profile route: 3:50:15 PM: 4NjCetkFR0fLU72kkdGpaxSpgoL4sjMZ
[2022-11-12T15:50:15.704] [DEBUG] default - alex@s3v.us
[2022-11-12T15:50:15.704] [DEBUG] default - [
  {
    _id: new ObjectId("6365a06f87f63cfa66d4ef2a"),
    date: '10/4/2022',
    time: '16:29',
    username: 'alex@s3v.us',
    __v: 0
  },
  {
    _id: new ObjectId("636b1716a3d166b45dd8338c"),
    date: '11/17/2022',
    time: '06:57 PM',
    username: 'alex@s3v.us',
    __v: 0
  }
]
[2022-11-12T15:50:16.043] [DEBUG] default - Session ID @ /profile route: 3:50:16 PM: 4NjCetkFR0fLU72kkdGpaxSpgoL4sjMZ
[2022-11-12T15:50:16.043] [DEBUG] default - true
[2022-11-12T15:50:16.043] [DEBUG] default - user: alex@s3v.us
[2022-11-12T15:50:16.045] [DEBUG] default - Session ID @ /profile route: 3:50:16 PM: 4NjCetkFR0fLU72kkdGpaxSpgoL4sjMZ
[2022-11-12T15:50:16.106] [DEBUG] default - alex@s3v.us
[2022-11-12T15:50:16.106] [DEBUG] default - [
  {
    _id: new ObjectId("6365a06f87f63cfa66d4ef2a"),
    date: '10/4/2022',
    time: '16:29',
    username: 'alex@s3v.us',
    __v: 0
  },
  {
    _id: new ObjectId("636b1716a3d166b45dd8338c"),
    date: '11/17/2022',
    time: '06:57 PM',
    username: 'alex@s3v.us',
    __v: 0
  }
]
[2022-11-12T15:50:16.189] [DEBUG] default - Session ID @ /profile route: 3:50:16 PM: 4NjCetkFR0fLU72kkdGpaxSpgoL4sjMZ
[2022-11-12T15:50:16.189] [DEBUG] default - true
[2022-11-12T15:50:16.189] [DEBUG] default - user: alex@s3v.us
[2022-11-12T15:50:16.440] [DEBUG] default - Session ID @ /profile route: 3:50:16 PM: 4NjCetkFR0fLU72kkdGpaxSpgoL4sjMZ
[2022-11-12T15:50:16.440] [DEBUG] default - true
[2022-11-12T15:50:16.440] [DEBUG] default - user: alex@s3v.us
[2022-11-12T15:50:54.415] [DEBUG] default - Session ID @ /profile route: 3:50:54 PM: 4NjCetkFR0fLU72kkdGpaxSpgoL4sjMZ
[2022-11-12T15:50:54.416] [DEBUG] default - User is logged in: alex@s3v.us
[2022-11-12T15:50:57.820] [DEBUG] default - /logout 200 Logout Successful
[2022-11-12T15:50:59.843] [DEBUG] default - Session ID @ /profile route: 3:50:59 PM: oIdAIqr287GfGvjt-yC83TIXvlYL4F8y
[2022-11-12T15:50:59.843] [ERROR] default - /profile 302 Not Authenticated
[2022-11-12T15:51:03.735] [DEBUG] default - Session ID @ /profile route: 3:51:03 PM: oIdAIqr287GfGvjt-yC83TIXvlYL4F8y
[2022-11-12T15:51:03.736] [ERROR] default - /profile 302 Not Authenticated
[2022-11-12T15:51:08.117] [DEBUG] default - Session ID before @ /login route: 3:51:08 PM: HYdOOG9W2V84dQt7EvgqYjXYNk1OZC38
[2022-11-12T15:51:08.117] [DEBUG] default - Session ID after @ /login route: HYdOOG9W2V84dQt7EvgqYjXYNk1OZC38
[2022-11-12T15:51:08.117] [DEBUG] default - User is logged in: alex@s3v.us
[2022-11-12T15:51:08.117] [DEBUG] default - User is Authenticated: true
[2022-11-12T15:51:08.117] [DEBUG] default - /login 200 Login Successful
[2022-11-12T15:51:10.589] [DEBUG] default - Session ID @ /profile route: 3:51:10 PM: HYdOOG9W2V84dQt7EvgqYjXYNk1OZC38
[2022-11-12T15:51:10.589] [DEBUG] default - true
[2022-11-12T15:51:10.590] [DEBUG] default - user: alex@s3v.us
[2022-11-12T15:51:10.591] [DEBUG] default - Session ID @ /profile route: 3:51:10 PM: HYdOOG9W2V84dQt7EvgqYjXYNk1OZC38
[2022-11-12T15:51:10.637] [DEBUG] default - alex@s3v.us
[2022-11-12T15:51:10.637] [DEBUG] default - [
  {
    _id: new ObjectId("6365a06f87f63cfa66d4ef2a"),
    date: '10/4/2022',
    time: '16:29',
    username: 'alex@s3v.us',
    __v: 0
  },
  {
    _id: new ObjectId("636b1716a3d166b45dd8338c"),
    date: '11/17/2022',
    time: '06:57 PM',
    username: 'alex@s3v.us',
    __v: 0
  }
]
[2022-11-12T15:51:10.639] [DEBUG] default - Session ID @ /profile route: 3:51:10 PM: HYdOOG9W2V84dQt7EvgqYjXYNk1OZC38
[2022-11-12T15:51:10.639] [DEBUG] default - true
[2022-11-12T15:51:10.639] [DEBUG] default - user: alex@s3v.us
[2022-11-12T15:51:10.794] [DEBUG] default - Session ID @ /profile route: 3:51:10 PM: HYdOOG9W2V84dQt7EvgqYjXYNk1OZC38
[2022-11-12T15:51:10.794] [DEBUG] default - true
[2022-11-12T15:51:10.794] [DEBUG] default - user: alex@s3v.us
[2022-11-12T15:51:10.796] [DEBUG] default - Session ID @ /profile route: 3:51:10 PM: HYdOOG9W2V84dQt7EvgqYjXYNk1OZC38
[2022-11-12T15:51:10.834] [DEBUG] default - alex@s3v.us
[2022-11-12T15:51:10.834] [DEBUG] default - [
  {
    _id: new ObjectId("6365a06f87f63cfa66d4ef2a"),
    date: '10/4/2022',
    time: '16:29',
    username: 'alex@s3v.us',
    __v: 0
  },
  {
    _id: new ObjectId("636b1716a3d166b45dd8338c"),
    date: '11/17/2022',
    time: '06:57 PM',
    username: 'alex@s3v.us',
    __v: 0
  }
]
[2022-11-12T15:51:10.896] [DEBUG] default - Session ID @ /profile route: 3:51:10 PM: HYdOOG9W2V84dQt7EvgqYjXYNk1OZC38
[2022-11-12T15:51:10.896] [DEBUG] default - true
[2022-11-12T15:51:10.896] [DEBUG] default - user: alex@s3v.us
[2022-11-12T15:51:14.397] [DEBUG] default - Session ID @ /profile route: 3:51:14 PM: HYdOOG9W2V84dQt7EvgqYjXYNk1OZC38
[2022-11-12T15:51:14.397] [DEBUG] default - true
[2022-11-12T15:51:14.397] [DEBUG] default - user: alex@s3v.us
[2022-11-13T14:05:52.380] [DEBUG] default - Session ID @ /profile route: 2:05:52 PM: tvMEk6j7SUwlRM4YZBN3WZrijTy7zD_5
[2022-11-13T14:05:52.381] [DEBUG] default - alex@s3v.us Authenticated: true
[2022-11-13T14:05:52.457] [DEBUG] default - Session ID @ /profile route: 2:05:52 PM: tvMEk6j7SUwlRM4YZBN3WZrijTy7zD_5
[2022-11-13T14:05:52.457] [DEBUG] default - alex@s3v.us Authenticated: true
[2022-11-13T14:05:55.473] [DEBUG] default - Session ID @ /profile route: 2:05:55 PM: tvMEk6j7SUwlRM4YZBN3WZrijTy7zD_5
[2022-11-13T14:05:55.473] [DEBUG] default - alex@s3v.us Authenticated: true
[2022-11-13T14:05:57.132] [DEBUG] default - Session ID @ /profile route: 2:05:57 PM: tvMEk6j7SUwlRM4YZBN3WZrijTy7zD_5
[2022-11-13T14:05:57.132] [DEBUG] default - alex@s3v.us Authenticated: true
[2022-11-13T14:05:58.919] [DEBUG] default - Session ID @ /profile route: 2:05:58 PM: tvMEk6j7SUwlRM4YZBN3WZrijTy7zD_5
[2022-11-13T14:05:58.919] [DEBUG] default - alex@s3v.us Authenticated: true
[2022-11-13T14:06:05.125] [DEBUG] default - Session ID @ /profile route: 2:06:05 PM: tvMEk6j7SUwlRM4YZBN3WZrijTy7zD_5
[2022-11-13T14:06:05.125] [DEBUG] default - alex@s3v.us Authenticated: true
[2022-11-13T14:06:05.932] [DEBUG] default - Session ID @ /profile route: 2:06:05 PM: tvMEk6j7SUwlRM4YZBN3WZrijTy7zD_5
[2022-11-13T14:06:05.932] [DEBUG] default - alex@s3v.us Authenticated: true
[2022-11-13T14:06:06.951] [DEBUG] default - Session ID @ /profile route: 2:06:06 PM: tvMEk6j7SUwlRM4YZBN3WZrijTy7zD_5
[2022-11-13T14:06:06.951] [DEBUG] default - alex@s3v.us Authenticated: true
[2022-11-13T14:06:07.920] [DEBUG] default - Session ID @ /profile route: 2:06:07 PM: tvMEk6j7SUwlRM4YZBN3WZrijTy7zD_5
[2022-11-13T14:06:07.920] [DEBUG] default - alex@s3v.us Authenticated: true
[2022-11-13T14:06:10.022] [DEBUG] default - Session ID @ /profile route: 2:06:10 PM: tvMEk6j7SUwlRM4YZBN3WZrijTy7zD_5
[2022-11-13T14:06:10.022] [DEBUG] default - alex@s3v.us Authenticated: true
[2022-11-13T14:06:12.180] [DEBUG] default - Session ID @ /profile route: 2:06:12 PM: tvMEk6j7SUwlRM4YZBN3WZrijTy7zD_5
[2022-11-13T14:06:12.180] [DEBUG] default - alex@s3v.us Authenticated: true
[2022-11-13T14:06:12.258] [DEBUG] default - Session ID @ /profile route: 2:06:12 PM: tvMEk6j7SUwlRM4YZBN3WZrijTy7zD_5
[2022-11-13T14:06:12.258] [DEBUG] default - alex@s3v.us Authenticated: true
[2022-11-13T14:06:31.694] [DEBUG] default - Session ID @ /profile route: 2:06:31 PM: tvMEk6j7SUwlRM4YZBN3WZrijTy7zD_5
[2022-11-13T14:06:31.694] [DEBUG] default - alex@s3v.us Authenticated: true
[2022-11-13T14:06:31.766] [DEBUG] default - Session ID @ /profile route: 2:06:31 PM: tvMEk6j7SUwlRM4YZBN3WZrijTy7zD_5
[2022-11-13T14:06:31.766] [DEBUG] default - alex@s3v.us Authenticated: true
[2022-11-13T14:06:33.442] [DEBUG] default - Session ID @ /profile route: 2:06:33 PM: tvMEk6j7SUwlRM4YZBN3WZrijTy7zD_5
[2022-11-13T14:06:33.443] [DEBUG] default - alex@s3v.us Authenticated: true
[2022-11-13T14:06:35.080] [DEBUG] default - Session ID @ /profile route: 2:06:35 PM: tvMEk6j7SUwlRM4YZBN3WZrijTy7zD_5
[2022-11-13T14:06:35.080] [DEBUG] default - alex@s3v.us Authenticated: true
[2022-11-13T14:06:36.299] [DEBUG] default - Session ID before @ /login route: 2:06:36 PM: tsmPZecnuG4-O1ItRNUDiA2Xb_BL4NF9
[2022-11-13T14:06:36.299] [DEBUG] default - Session ID after @ /login route: tsmPZecnuG4-O1ItRNUDiA2Xb_BL4NF9
[2022-11-13T14:06:36.299] [DEBUG] default - alex@s3v.us Authenticated: true
[2022-11-13T14:06:36.299] [DEBUG] default - /login 200 Login Successful
[2022-11-13T14:06:38.984] [DEBUG] default - Session ID @ /profile route: 2:06:38 PM: tsmPZecnuG4-O1ItRNUDiA2Xb_BL4NF9
[2022-11-13T14:06:38.984] [DEBUG] default - alex@s3v.us Authenticated: true
[2022-11-13T14:06:39.054] [DEBUG] default - Session ID @ /profile route: 2:06:39 PM: tsmPZecnuG4-O1ItRNUDiA2Xb_BL4NF9
[2022-11-13T14:06:39.054] [DEBUG] default - alex@s3v.us Authenticated: true
[2022-11-13T14:06:39.120] [DEBUG] default - Session ID @ /profile route: 2:06:39 PM: tsmPZecnuG4-O1ItRNUDiA2Xb_BL4NF9
[2022-11-13T14:06:39.120] [DEBUG] default - alex@s3v.us Authenticated: true
[2022-11-13T14:06:39.180] [DEBUG] default - Session ID @ /profile route: 2:06:39 PM: tsmPZecnuG4-O1ItRNUDiA2Xb_BL4NF9
[2022-11-13T14:06:39.180] [DEBUG] default - alex@s3v.us Authenticated: true
[2022-11-13T14:06:39.186] [DEBUG] default - Session ID @ /profile route: 2:06:39 PM: tsmPZecnuG4-O1ItRNUDiA2Xb_BL4NF9
[2022-11-13T14:06:39.186] [DEBUG] default - alex@s3v.us Authenticated: true
[2022-11-13T14:06:39.213] [DEBUG] default - alex@s3v.us
[2022-11-13T14:06:39.213] [DEBUG] default - [
  {
    _id: new ObjectId("6365a06f87f63cfa66d4ef2a"),
    date: '10/4/2022',
    time: '16:29',
    username: 'alex@s3v.us',
    __v: 0
  },
  {
    _id: new ObjectId("636b1716a3d166b45dd8338c"),
    date: '11/17/2022',
    time: '06:57 PM',
    username: 'alex@s3v.us',
    __v: 0
  },
  {
    _id: new ObjectId("637169c7ae150338948155ec"),
    date: '11/13/2022',
    time: '03:15 PM',
    username: 'alex@s3v.us',
    __v: 0
  }
]
[2022-11-13T14:06:39.437] [DEBUG] default - Session ID @ /profile route: 2:06:39 PM: tsmPZecnuG4-O1ItRNUDiA2Xb_BL4NF9
[2022-11-13T14:06:39.437] [DEBUG] default - alex@s3v.us Authenticated: true
[2022-11-13T14:06:39.469] [DEBUG] default - alex@s3v.us
[2022-11-13T14:06:39.469] [DEBUG] default - [
  {
    _id: new ObjectId("6365a06f87f63cfa66d4ef2a"),
    date: '10/4/2022',
    time: '16:29',
    username: 'alex@s3v.us',
    __v: 0
  },
  {
    _id: new ObjectId("636b1716a3d166b45dd8338c"),
    date: '11/17/2022',
    time: '06:57 PM',
    username: 'alex@s3v.us',
    __v: 0
  },
  {
    _id: new ObjectId("637169c7ae150338948155ec"),
    date: '11/13/2022',
    time: '03:15 PM',
    username: 'alex@s3v.us',
    __v: 0
  }
]
[2022-11-13T14:06:45.133] [DEBUG] default - Session ID @ /profile route: 2:06:45 PM: tsmPZecnuG4-O1ItRNUDiA2Xb_BL4NF9
[2022-11-13T14:06:45.133] [DEBUG] default - alex@s3v.us Authenticated: true
[2022-11-13T14:06:45.204] [DEBUG] default - /logout 200 Logout Successful
[2022-11-13T14:06:45.293] [DEBUG] default - Session ID @ /profile route: 2:06:45 PM: dcrPfW9pZ7o_K-w2PZ19002e780TwWaD
[2022-11-13T14:06:45.293] [ERROR] default - /profile 302 Not Authenticated
[2022-11-13T14:06:47.782] [DEBUG] default - Session ID @ /profile route: 2:06:47 PM: dcrPfW9pZ7o_K-w2PZ19002e780TwWaD
[2022-11-13T14:06:47.782] [ERROR] default - /profile 302 Not Authenticated
[2022-11-13T14:06:53.644] [DEBUG] default - Session ID before @ /login route: 2:06:53 PM: eWCjx6f56Otl2fyRtncJ8l01RZxRA85W
[2022-11-13T14:06:53.644] [DEBUG] default - Session ID after @ /login route: eWCjx6f56Otl2fyRtncJ8l01RZxRA85W
[2022-11-13T14:06:53.644] [DEBUG] default - alex@s3v.us Authenticated: true
[2022-11-13T14:06:53.644] [DEBUG] default - /login 200 Login Successful
[2022-11-13T14:06:56.189] [DEBUG] default - Session ID @ /profile route: 2:06:56 PM: eWCjx6f56Otl2fyRtncJ8l01RZxRA85W
[2022-11-13T14:06:56.189] [DEBUG] default - alex@s3v.us Authenticated: true
[2022-11-13T14:06:56.190] [DEBUG] default - Session ID @ /profile route: 2:06:56 PM: eWCjx6f56Otl2fyRtncJ8l01RZxRA85W
[2022-11-13T14:06:56.190] [DEBUG] default - alex@s3v.us Authenticated: true
[2022-11-13T14:06:56.219] [DEBUG] default - alex@s3v.us
[2022-11-13T14:06:56.219] [DEBUG] default - [
  {
    _id: new ObjectId("6365a06f87f63cfa66d4ef2a"),
    date: '10/4/2022',
    time: '16:29',
    username: 'alex@s3v.us',
    __v: 0
  },
  {
    _id: new ObjectId("636b1716a3d166b45dd8338c"),
    date: '11/17/2022',
    time: '06:57 PM',
    username: 'alex@s3v.us',
    __v: 0
  },
  {
    _id: new ObjectId("637169c7ae150338948155ec"),
    date: '11/13/2022',
    time: '03:15 PM',
    username: 'alex@s3v.us',
    __v: 0
  }
]
[2022-11-13T14:06:56.229] [DEBUG] default - Session ID @ /profile route: 2:06:56 PM: eWCjx6f56Otl2fyRtncJ8l01RZxRA85W
[2022-11-13T14:06:56.229] [DEBUG] default - alex@s3v.us Authenticated: true
[2022-11-13T14:06:56.306] [DEBUG] default - Session ID @ /profile route: 2:06:56 PM: eWCjx6f56Otl2fyRtncJ8l01RZxRA85W
[2022-11-13T14:06:56.306] [DEBUG] default - alex@s3v.us Authenticated: true
[2022-11-13T14:06:56.321] [DEBUG] default - Session ID @ /profile route: 2:06:56 PM: eWCjx6f56Otl2fyRtncJ8l01RZxRA85W
[2022-11-13T14:06:56.322] [DEBUG] default - alex@s3v.us Authenticated: true
[2022-11-13T14:06:56.336] [DEBUG] default - alex@s3v.us
[2022-11-13T14:06:56.336] [DEBUG] default - [
  {
    _id: new ObjectId("6365a06f87f63cfa66d4ef2a"),
    date: '10/4/2022',
    time: '16:29',
    username: 'alex@s3v.us',
    __v: 0
  },
  {
    _id: new ObjectId("636b1716a3d166b45dd8338c"),
    date: '11/17/2022',
    time: '06:57 PM',
    username: 'alex@s3v.us',
    __v: 0
  },
  {
    _id: new ObjectId("637169c7ae150338948155ec"),
    date: '11/13/2022',
    time: '03:15 PM',
    username: 'alex@s3v.us',
    __v: 0
  }
]
[2022-11-13T14:06:56.397] [DEBUG] default - Session ID @ /profile route: 2:06:56 PM: eWCjx6f56Otl2fyRtncJ8l01RZxRA85W
[2022-11-13T14:06:56.397] [DEBUG] default - alex@s3v.us Authenticated: true
[2022-11-13T14:07:04.413] [DEBUG] default - Session ID @ /profile route: 2:07:04 PM: eb6XbxC5l4BwXtFYzItmx41phly7w0VA
[2022-11-13T14:07:04.413] [ERROR] default - /profile 302 Not Authenticated
[2022-11-13T14:07:04.415] [DEBUG] default - Session ID @ /profile route: 2:07:04 PM: RT0a0SCwOPAT8sEC7usJ-Di8wH5PZfIl
[2022-11-13T14:07:04.415] [ERROR] default - /profile 302 Not Authenticated
[2022-11-13T14:07:04.447] [DEBUG] default - Session ID @ /profile route: 2:07:04 PM: eWCjx6f56Otl2fyRtncJ8l01RZxRA85W
[2022-11-13T14:07:04.447] [DEBUG] default - alex@s3v.us Authenticated: true
[2022-11-13T14:07:04.482] [DEBUG] default - Session ID @ /profile route: 2:07:04 PM: eWCjx6f56Otl2fyRtncJ8l01RZxRA85W
[2022-11-13T14:07:04.483] [DEBUG] default - alex@s3v.us Authenticated: true
[2022-11-13T14:08:02.048] [DEBUG] default - Session ID @ /profile route: 2:08:02 PM: eWCjx6f56Otl2fyRtncJ8l01RZxRA85W
[2022-11-13T14:08:02.048] [DEBUG] default - alex@s3v.us Authenticated: true
[2022-11-13T14:08:05.706] [DEBUG] default - Session ID @ /profile route: 2:08:05 PM: eWCjx6f56Otl2fyRtncJ8l01RZxRA85W
[2022-11-13T14:08:05.706] [DEBUG] default - alex@s3v.us Authenticated: true
[2022-11-13T14:08:16.822] [DEBUG] default - Session ID @ /profile route: 2:08:16 PM: yvG3FVdhxZMtKwPRkgqACfHkywBEM2Co
[2022-11-13T14:08:16.822] [ERROR] default - /profile 302 Not Authenticated
[2022-11-13T14:08:16.855] [DEBUG] default - Session ID @ /profile route: 2:08:16 PM: eWCjx6f56Otl2fyRtncJ8l01RZxRA85W
[2022-11-13T14:08:16.855] [DEBUG] default - alex@s3v.us Authenticated: true
[2022-11-13T14:08:16.857] [DEBUG] default - Session ID @ /profile route: 2:08:16 PM: EQ2ya1k76CxuF9EVwJ60AJsOyjeDj8Dv
[2022-11-13T14:08:16.858] [ERROR] default - /profile 302 Not Authenticated
[2022-11-13T14:08:16.901] [DEBUG] default - Session ID @ /profile route: 2:08:16 PM: eWCjx6f56Otl2fyRtncJ8l01RZxRA85W
[2022-11-13T14:08:16.901] [DEBUG] default - alex@s3v.us Authenticated: true
[2022-11-13T14:10:36.797] [DEBUG] default - Session ID @ /profile route: 2:10:36 PM: eWCjx6f56Otl2fyRtncJ8l01RZxRA85W
[2022-11-13T14:10:36.797] [DEBUG] default - alex@s3v.us Authenticated: true
[2022-11-13T14:10:38.594] [DEBUG] default - Session ID @ /profile route: 2:10:38 PM: eWCjx6f56Otl2fyRtncJ8l01RZxRA85W
[2022-11-13T14:10:38.594] [DEBUG] default - alex@s3v.us Authenticated: true
[2022-11-13T14:10:40.617] [DEBUG] default - Session ID @ /profile route: 2:10:40 PM: eWCjx6f56Otl2fyRtncJ8l01RZxRA85W
[2022-11-13T14:10:40.617] [DEBUG] default - alex@s3v.us Authenticated: true
[2022-11-13T14:10:55.869] [DEBUG] default - Session ID @ /profile route: 2:10:55 PM: eWCjx6f56Otl2fyRtncJ8l01RZxRA85W
[2022-11-13T14:10:55.869] [DEBUG] default - alex@s3v.us Authenticated: true
[2022-11-13T14:10:59.491] [DEBUG] default - Session ID @ /profile route: 2:10:59 PM: eWCjx6f56Otl2fyRtncJ8l01RZxRA85W
[2022-11-13T14:10:59.491] [DEBUG] default - alex@s3v.us Authenticated: true
[2022-11-13T14:11:00.715] [DEBUG] default - Session ID @ /profile route: 2:11:00 PM: eWCjx6f56Otl2fyRtncJ8l01RZxRA85W
[2022-11-13T14:11:00.716] [DEBUG] default - alex@s3v.us Authenticated: true
[2022-11-13T14:11:02.404] [DEBUG] default - Session ID @ /profile route: 2:11:02 PM: eWCjx6f56Otl2fyRtncJ8l01RZxRA85W
[2022-11-13T14:11:02.404] [DEBUG] default - alex@s3v.us Authenticated: true
[2022-11-13T14:15:18.287] [DEBUG] default - Session ID @ /profile route: 2:15:18 PM: eWCjx6f56Otl2fyRtncJ8l01RZxRA85W
[2022-11-13T14:15:18.287] [DEBUG] default - alex@s3v.us Authenticated: true
[2022-11-13T14:15:18.360] [DEBUG] default - Session ID @ /profile route: 2:15:18 PM: eWCjx6f56Otl2fyRtncJ8l01RZxRA85W
[2022-11-13T14:15:18.360] [DEBUG] default - alex@s3v.us Authenticated: true
[2022-11-13T14:15:18.401] [DEBUG] default - Session ID @ /profile route: 2:15:18 PM: eWCjx6f56Otl2fyRtncJ8l01RZxRA85W
[2022-11-13T14:15:18.401] [DEBUG] default - alex@s3v.us Authenticated: true
[2022-11-13T14:15:18.430] [DEBUG] default - Session ID @ /profile route: 2:15:18 PM: eWCjx6f56Otl2fyRtncJ8l01RZxRA85W
[2022-11-13T14:15:18.430] [DEBUG] default - alex@s3v.us Authenticated: true
[2022-11-13T14:15:18.431] [DEBUG] default - alex@s3v.us
[2022-11-13T14:15:18.431] [DEBUG] default - [
  {
    _id: new ObjectId("6365a06f87f63cfa66d4ef2a"),
    date: '10/4/2022',
    time: '16:29',
    username: 'alex@s3v.us',
    __v: 0
  },
  {
    _id: new ObjectId("636b1716a3d166b45dd8338c"),
    date: '11/17/2022',
    time: '06:57 PM',
    username: 'alex@s3v.us',
    __v: 0
  },
  {
    _id: new ObjectId("637169c7ae150338948155ec"),
    date: '11/13/2022',
    time: '03:15 PM',
    username: 'alex@s3v.us',
    __v: 0
  }
]
[2022-11-13T14:15:18.498] [DEBUG] default - Session ID @ /profile route: 2:15:18 PM: eWCjx6f56Otl2fyRtncJ8l01RZxRA85W
[2022-11-13T14:15:18.498] [DEBUG] default - alex@s3v.us Authenticated: true
[2022-11-13T14:15:18.501] [DEBUG] default - Session ID @ /profile route: 2:15:18 PM: eWCjx6f56Otl2fyRtncJ8l01RZxRA85W
[2022-11-13T14:15:18.501] [DEBUG] default - alex@s3v.us Authenticated: true
[2022-11-13T14:15:18.533] [DEBUG] default - alex@s3v.us
[2022-11-13T14:15:18.533] [DEBUG] default - [
  {
    _id: new ObjectId("6365a06f87f63cfa66d4ef2a"),
    date: '10/4/2022',
    time: '16:29',
    username: 'alex@s3v.us',
    __v: 0
  },
  {
    _id: new ObjectId("636b1716a3d166b45dd8338c"),
    date: '11/17/2022',
    time: '06:57 PM',
    username: 'alex@s3v.us',
    __v: 0
  },
  {
    _id: new ObjectId("637169c7ae150338948155ec"),
    date: '11/13/2022',
    time: '03:15 PM',
    username: 'alex@s3v.us',
    __v: 0
  }
]
[2022-11-13T14:15:25.890] [DEBUG] default - Session ID @ /profile route: 2:15:25 PM: eWCjx6f56Otl2fyRtncJ8l01RZxRA85W
[2022-11-13T14:15:25.890] [DEBUG] default - alex@s3v.us Authenticated: true
[2022-11-13T14:15:28.117] [DEBUG] default - Session ID @ /profile route: 2:15:28 PM: eWCjx6f56Otl2fyRtncJ8l01RZxRA85W
[2022-11-13T14:15:28.117] [DEBUG] default - alex@s3v.us Authenticated: true
[2022-11-13T14:15:35.952] [DEBUG] default - Session ID @ /profile route: 2:15:35 PM: eWCjx6f56Otl2fyRtncJ8l01RZxRA85W
[2022-11-13T14:15:35.952] [DEBUG] default - alex@s3v.us Authenticated: true
[2022-11-13T14:15:36.017] [DEBUG] default - Session ID @ /profile route: 2:15:36 PM: eWCjx6f56Otl2fyRtncJ8l01RZxRA85W
[2022-11-13T14:15:36.017] [DEBUG] default - alex@s3v.us Authenticated: true
[2022-11-13T14:15:36.089] [DEBUG] default - Session ID @ /profile route: 2:15:36 PM: eWCjx6f56Otl2fyRtncJ8l01RZxRA85W
[2022-11-13T14:15:36.089] [DEBUG] default - alex@s3v.us Authenticated: true
[2022-11-13T14:15:36.153] [DEBUG] default - Session ID @ /profile route: 2:15:36 PM: eWCjx6f56Otl2fyRtncJ8l01RZxRA85W
[2022-11-13T14:15:36.153] [DEBUG] default - alex@s3v.us Authenticated: true
[2022-11-13T14:15:36.194] [DEBUG] default - Session ID @ /profile route: 2:15:36 PM: eWCjx6f56Otl2fyRtncJ8l01RZxRA85W
[2022-11-13T14:15:36.194] [DEBUG] default - alex@s3v.us Authenticated: true
[2022-11-13T14:15:36.218] [DEBUG] default - Session ID @ /profile route: 2:15:36 PM: eWCjx6f56Otl2fyRtncJ8l01RZxRA85W
[2022-11-13T14:15:36.218] [DEBUG] default - alex@s3v.us Authenticated: true
[2022-11-13T14:15:36.228] [DEBUG] default - alex@s3v.us
[2022-11-13T14:15:36.228] [DEBUG] default - [
  {
    _id: new ObjectId("6365a06f87f63cfa66d4ef2a"),
    date: '10/4/2022',
    time: '16:29',
    username: 'alex@s3v.us',
    __v: 0
  },
  {
    _id: new ObjectId("636b1716a3d166b45dd8338c"),
    date: '11/17/2022',
    time: '06:57 PM',
    username: 'alex@s3v.us',
    __v: 0
  },
  {
    _id: new ObjectId("637169c7ae150338948155ec"),
    date: '11/13/2022',
    time: '03:15 PM',
    username: 'alex@s3v.us',
    __v: 0
  }
]
[2022-11-13T14:15:36.287] [DEBUG] default - Session ID @ /profile route: 2:15:36 PM: eWCjx6f56Otl2fyRtncJ8l01RZxRA85W
[2022-11-13T14:15:36.287] [DEBUG] default - alex@s3v.us Authenticated: true
[2022-11-13T14:15:36.299] [DEBUG] default - Session ID @ /profile route: 2:15:36 PM: eWCjx6f56Otl2fyRtncJ8l01RZxRA85W
[2022-11-13T14:15:36.299] [DEBUG] default - alex@s3v.us Authenticated: true
[2022-11-13T14:15:36.330] [DEBUG] default - alex@s3v.us
[2022-11-13T14:15:36.330] [DEBUG] default - [
  {
    _id: new ObjectId("6365a06f87f63cfa66d4ef2a"),
    date: '10/4/2022',
    time: '16:29',
    username: 'alex@s3v.us',
    __v: 0
  },
  {
    _id: new ObjectId("636b1716a3d166b45dd8338c"),
    date: '11/17/2022',
    time: '06:57 PM',
    username: 'alex@s3v.us',
    __v: 0
  },
  {
    _id: new ObjectId("637169c7ae150338948155ec"),
    date: '11/13/2022',
    time: '03:15 PM',
    username: 'alex@s3v.us',
    __v: 0
  }
]
[2022-11-13T14:16:13.555] [DEBUG] default - Session ID @ /profile route: 2:16:13 PM: eWCjx6f56Otl2fyRtncJ8l01RZxRA85W
[2022-11-13T14:16:13.555] [DEBUG] default - alex@s3v.us Authenticated: true
[2022-11-13T14:16:18.442] [DEBUG] default - Session ID @ /profile route: 2:16:18 PM: eWCjx6f56Otl2fyRtncJ8l01RZxRA85W
[2022-11-13T14:16:18.442] [DEBUG] default - alex@s3v.us Authenticated: true
[2022-11-13T14:16:46.248] [DEBUG] default - Session ID @ /profile route: 2:16:46 PM: eWCjx6f56Otl2fyRtncJ8l01RZxRA85W
[2022-11-13T14:16:46.248] [DEBUG] default - alex@s3v.us Authenticated: true
[2022-11-13T14:16:46.318] [DEBUG] default - Session ID @ /profile route: 2:16:46 PM: eWCjx6f56Otl2fyRtncJ8l01RZxRA85W
[2022-11-13T14:16:46.318] [DEBUG] default - alex@s3v.us Authenticated: true
[2022-11-13T14:16:46.354] [DEBUG] default - Session ID @ /profile route: 2:16:46 PM: eWCjx6f56Otl2fyRtncJ8l01RZxRA85W
[2022-11-13T14:16:46.354] [DEBUG] default - alex@s3v.us Authenticated: true
[2022-11-13T14:16:46.384] [DEBUG] default - alex@s3v.us
[2022-11-13T14:16:46.384] [DEBUG] default - [
  {
    _id: new ObjectId("6365a06f87f63cfa66d4ef2a"),
    date: '10/4/2022',
    time: '16:29',
    username: 'alex@s3v.us',
    __v: 0
  },
  {
    _id: new ObjectId("636b1716a3d166b45dd8338c"),
    date: '11/17/2022',
    time: '06:57 PM',
    username: 'alex@s3v.us',
    __v: 0
  },
  {
    _id: new ObjectId("637169c7ae150338948155ec"),
    date: '11/13/2022',
    time: '03:15 PM',
    username: 'alex@s3v.us',
    __v: 0
  }
]
[2022-11-13T14:16:46.386] [DEBUG] default - Session ID @ /profile route: 2:16:46 PM: eWCjx6f56Otl2fyRtncJ8l01RZxRA85W
[2022-11-13T14:16:46.386] [DEBUG] default - alex@s3v.us Authenticated: true
[2022-11-13T14:16:46.454] [DEBUG] default - Session ID @ /profile route: 2:16:46 PM: eWCjx6f56Otl2fyRtncJ8l01RZxRA85W
[2022-11-13T14:16:46.454] [DEBUG] default - alex@s3v.us Authenticated: true
[2022-11-13T14:16:46.459] [DEBUG] default - Session ID @ /profile route: 2:16:46 PM: eWCjx6f56Otl2fyRtncJ8l01RZxRA85W
[2022-11-13T14:16:46.459] [DEBUG] default - alex@s3v.us Authenticated: true
[2022-11-13T14:16:46.484] [DEBUG] default - alex@s3v.us
[2022-11-13T14:16:46.484] [DEBUG] default - [
  {
    _id: new ObjectId("6365a06f87f63cfa66d4ef2a"),
    date: '10/4/2022',
    time: '16:29',
    username: 'alex@s3v.us',
    __v: 0
  },
  {
    _id: new ObjectId("636b1716a3d166b45dd8338c"),
    date: '11/17/2022',
    time: '06:57 PM',
    username: 'alex@s3v.us',
    __v: 0
  },
  {
    _id: new ObjectId("637169c7ae150338948155ec"),
    date: '11/13/2022',
    time: '03:15 PM',
    username: 'alex@s3v.us',
    __v: 0
  }
]
[2022-11-13T14:16:52.215] [DEBUG] default - Session ID @ /profile route: 2:16:52 PM: eWCjx6f56Otl2fyRtncJ8l01RZxRA85W
[2022-11-13T14:16:52.215] [DEBUG] default - alex@s3v.us Authenticated: true
[2022-11-13T14:16:52.285] [DEBUG] default - Session ID @ /profile route: 2:16:52 PM: eWCjx6f56Otl2fyRtncJ8l01RZxRA85W
[2022-11-13T14:16:52.285] [DEBUG] default - alex@s3v.us Authenticated: true
[2022-11-13T14:16:52.356] [DEBUG] default - Session ID @ /profile route: 2:16:52 PM: eWCjx6f56Otl2fyRtncJ8l01RZxRA85W
[2022-11-13T14:16:52.356] [DEBUG] default - alex@s3v.us Authenticated: true
[2022-11-13T14:16:52.397] [DEBUG] default - Session ID @ /profile route: 2:16:52 PM: eWCjx6f56Otl2fyRtncJ8l01RZxRA85W
[2022-11-13T14:16:52.397] [DEBUG] default - alex@s3v.us Authenticated: true
[2022-11-13T14:16:52.430] [DEBUG] default - alex@s3v.us
[2022-11-13T14:16:52.430] [DEBUG] default - [
  {
    _id: new ObjectId("6365a06f87f63cfa66d4ef2a"),
    date: '10/4/2022',
    time: '16:29',
    username: 'alex@s3v.us',
    __v: 0
  },
  {
    _id: new ObjectId("636b1716a3d166b45dd8338c"),
    date: '11/17/2022',
    time: '06:57 PM',
    username: 'alex@s3v.us',
    __v: 0
  },
  {
    _id: new ObjectId("637169c7ae150338948155ec"),
    date: '11/13/2022',
    time: '03:15 PM',
    username: 'alex@s3v.us',
    __v: 0
  }
]
[2022-11-13T14:16:52.431] [DEBUG] default - Session ID @ /profile route: 2:16:52 PM: eWCjx6f56Otl2fyRtncJ8l01RZxRA85W
[2022-11-13T14:16:52.431] [DEBUG] default - alex@s3v.us Authenticated: true
[2022-11-13T14:16:52.503] [DEBUG] default - Session ID @ /profile route: 2:16:52 PM: eWCjx6f56Otl2fyRtncJ8l01RZxRA85W
[2022-11-13T14:16:52.503] [DEBUG] default - alex@s3v.us Authenticated: true
[2022-11-13T14:16:52.505] [DEBUG] default - Session ID @ /profile route: 2:16:52 PM: eWCjx6f56Otl2fyRtncJ8l01RZxRA85W
[2022-11-13T14:16:52.505] [DEBUG] default - alex@s3v.us Authenticated: true
[2022-11-13T14:16:52.535] [DEBUG] default - alex@s3v.us
[2022-11-13T14:16:52.535] [DEBUG] default - [
  {
    _id: new ObjectId("6365a06f87f63cfa66d4ef2a"),
    date: '10/4/2022',
    time: '16:29',
    username: 'alex@s3v.us',
    __v: 0
  },
  {
    _id: new ObjectId("636b1716a3d166b45dd8338c"),
    date: '11/17/2022',
    time: '06:57 PM',
    username: 'alex@s3v.us',
    __v: 0
  },
  {
    _id: new ObjectId("637169c7ae150338948155ec"),
    date: '11/13/2022',
    time: '03:15 PM',
    username: 'alex@s3v.us',
    __v: 0
  }
]
[2022-11-13T14:16:58.681] [DEBUG] default - Session ID @ /profile route: 2:16:58 PM: eWCjx6f56Otl2fyRtncJ8l01RZxRA85W
[2022-11-13T14:16:58.681] [DEBUG] default - alex@s3v.us Authenticated: true
[2022-11-13T14:16:58.756] [DEBUG] default - /logout 200 Logout Successful
[2022-11-13T14:16:58.844] [DEBUG] default - Session ID @ /profile route: 2:16:58 PM: eBlJHsUi-7MWWukT7z2OURwC95tvoHHT
[2022-11-13T14:16:58.844] [ERROR] default - /profile 302 Not Authenticated
[2022-11-13T14:17:01.902] [DEBUG] default - Session ID @ /profile route: 2:17:01 PM: eBlJHsUi-7MWWukT7z2OURwC95tvoHHT
[2022-11-13T14:17:01.902] [ERROR] default - /profile 302 Not Authenticated
[2022-11-13T14:17:01.935] [DEBUG] default - Session ID @ /profile route: 2:17:01 PM: eBlJHsUi-7MWWukT7z2OURwC95tvoHHT
[2022-11-13T14:17:01.935] [ERROR] default - /profile 302 Not Authenticated
[2022-11-13T14:17:01.970] [DEBUG] default - Session ID @ /profile route: 2:17:01 PM: eBlJHsUi-7MWWukT7z2OURwC95tvoHHT
[2022-11-13T14:17:01.970] [ERROR] default - /profile 302 Not Authenticated
[2022-11-13T14:17:02.239] [DEBUG] default - Session ID @ /profile route: 2:17:02 PM: eBlJHsUi-7MWWukT7z2OURwC95tvoHHT
[2022-11-13T14:17:02.239] [ERROR] default - /profile 302 Not Authenticated
[2022-11-13T14:17:02.276] [DEBUG] default - Session ID @ /profile route: 2:17:02 PM: eBlJHsUi-7MWWukT7z2OURwC95tvoHHT
[2022-11-13T14:17:02.276] [ERROR] default - /profile 302 Not Authenticated
[2022-11-13T14:17:02.926] [DEBUG] default - Session ID before @ /login route: 2:17:02 PM: PkGPKkQmX3D4HP5W-w6zumn6a5Tv8Q7Z
[2022-11-13T14:17:02.926] [DEBUG] default - Session ID after @ /login route: PkGPKkQmX3D4HP5W-w6zumn6a5Tv8Q7Z
[2022-11-13T14:17:02.926] [DEBUG] default - alex@s3v.us Authenticated: true
[2022-11-13T14:17:02.926] [DEBUG] default - /login 200 Login Successful
[2022-11-13T14:17:03.007] [DEBUG] default - Session ID @ /profile route: 2:17:03 PM: PkGPKkQmX3D4HP5W-w6zumn6a5Tv8Q7Z
[2022-11-13T14:17:03.007] [DEBUG] default - alex@s3v.us Authenticated: true
[2022-11-13T14:17:03.102] [DEBUG] default - Session ID @ /profile route: 2:17:03 PM: PkGPKkQmX3D4HP5W-w6zumn6a5Tv8Q7Z
[2022-11-13T14:17:03.102] [DEBUG] default - alex@s3v.us Authenticated: true
[2022-11-13T14:17:03.109] [DEBUG] default - Session ID @ /profile route: 2:17:03 PM: PkGPKkQmX3D4HP5W-w6zumn6a5Tv8Q7Z
[2022-11-13T14:17:03.109] [DEBUG] default - alex@s3v.us Authenticated: true
[2022-11-13T14:17:03.142] [DEBUG] default - alex@s3v.us
[2022-11-13T14:17:03.142] [DEBUG] default - [
  {
    _id: new ObjectId("6365a06f87f63cfa66d4ef2a"),
    date: '10/4/2022',
    time: '16:29',
    username: 'alex@s3v.us',
    __v: 0
  },
  {
    _id: new ObjectId("636b1716a3d166b45dd8338c"),
    date: '11/17/2022',
    time: '06:57 PM',
    username: 'alex@s3v.us',
    __v: 0
  },
  {
    _id: new ObjectId("637169c7ae150338948155ec"),
    date: '11/13/2022',
    time: '03:15 PM',
    username: 'alex@s3v.us',
    __v: 0
  }
]
[2022-11-13T14:17:03.174] [DEBUG] default - Session ID @ /profile route: 2:17:03 PM: PkGPKkQmX3D4HP5W-w6zumn6a5Tv8Q7Z
[2022-11-13T14:17:03.174] [DEBUG] default - alex@s3v.us Authenticated: true
[2022-11-13T14:17:03.211] [DEBUG] default - Session ID @ /profile route: 2:17:03 PM: PkGPKkQmX3D4HP5W-w6zumn6a5Tv8Q7Z
[2022-11-13T14:17:03.211] [DEBUG] default - alex@s3v.us Authenticated: true
[2022-11-13T14:17:03.245] [DEBUG] default - alex@s3v.us
[2022-11-13T14:17:03.245] [DEBUG] default - [
  {
    _id: new ObjectId("6365a06f87f63cfa66d4ef2a"),
    date: '10/4/2022',
    time: '16:29',
    username: 'alex@s3v.us',
    __v: 0
  },
  {
    _id: new ObjectId("636b1716a3d166b45dd8338c"),
    date: '11/17/2022',
    time: '06:57 PM',
    username: 'alex@s3v.us',
    __v: 0
  },
  {
    _id: new ObjectId("637169c7ae150338948155ec"),
    date: '11/13/2022',
    time: '03:15 PM',
    username: 'alex@s3v.us',
    __v: 0
  }
]
[2022-11-13T14:17:05.464] [DEBUG] default - Session ID @ /profile route: 2:17:05 PM: PkGPKkQmX3D4HP5W-w6zumn6a5Tv8Q7Z
[2022-11-13T14:17:05.464] [DEBUG] default - alex@s3v.us Authenticated: true
[2022-11-13T14:17:05.468] [DEBUG] default - Session ID @ /profile route: 2:17:05 PM: PkGPKkQmX3D4HP5W-w6zumn6a5Tv8Q7Z
[2022-11-13T14:17:05.468] [DEBUG] default - alex@s3v.us Authenticated: true
[2022-11-13T14:17:05.497] [DEBUG] default - alex@s3v.us
[2022-11-13T14:17:05.497] [DEBUG] default - [
  {
    _id: new ObjectId("6365a06f87f63cfa66d4ef2a"),
    date: '10/4/2022',
    time: '16:29',
    username: 'alex@s3v.us',
    __v: 0
  },
  {
    _id: new ObjectId("636b1716a3d166b45dd8338c"),
    date: '11/17/2022',
    time: '06:57 PM',
    username: 'alex@s3v.us',
    __v: 0
  },
  {
    _id: new ObjectId("637169c7ae150338948155ec"),
    date: '11/13/2022',
    time: '03:15 PM',
    username: 'alex@s3v.us',
    __v: 0
  }
]
[2022-11-13T14:17:05.540] [DEBUG] default - Session ID @ /profile route: 2:17:05 PM: PkGPKkQmX3D4HP5W-w6zumn6a5Tv8Q7Z
[2022-11-13T14:17:05.540] [DEBUG] default - alex@s3v.us Authenticated: true
[2022-11-13T14:17:05.562] [DEBUG] default - Session ID @ /profile route: 2:17:05 PM: PkGPKkQmX3D4HP5W-w6zumn6a5Tv8Q7Z
[2022-11-13T14:17:05.562] [DEBUG] default - alex@s3v.us Authenticated: true
[2022-11-13T14:17:05.592] [DEBUG] default - alex@s3v.us
[2022-11-13T14:17:05.592] [DEBUG] default - [
  {
    _id: new ObjectId("6365a06f87f63cfa66d4ef2a"),
    date: '10/4/2022',
    time: '16:29',
    username: 'alex@s3v.us',
    __v: 0
  },
  {
    _id: new ObjectId("636b1716a3d166b45dd8338c"),
    date: '11/17/2022',
    time: '06:57 PM',
    username: 'alex@s3v.us',
    __v: 0
  },
  {
    _id: new ObjectId("637169c7ae150338948155ec"),
    date: '11/13/2022',
    time: '03:15 PM',
    username: 'alex@s3v.us',
    __v: 0
  }
]
[2022-11-13T14:17:05.609] [DEBUG] default - Session ID @ /profile route: 2:17:05 PM: PkGPKkQmX3D4HP5W-w6zumn6a5Tv8Q7Z
[2022-11-13T14:17:05.609] [DEBUG] default - alex@s3v.us Authenticated: true
[2022-11-13T14:17:05.678] [DEBUG] default - Session ID @ /profile route: 2:17:05 PM: PkGPKkQmX3D4HP5W-w6zumn6a5Tv8Q7Z
[2022-11-13T14:17:05.678] [DEBUG] default - alex@s3v.us Authenticated: true
[2022-11-14T18:15:46.612] [DEBUG] default - Session ID @ /profile route: 6:15:46 PM: Jbf0xvX2J2K0ShfbXC7zx4jC2MRRv9M5
[2022-11-14T18:15:46.615] [ERROR] default - /profile 302 Not Authenticated
[2022-11-14T18:15:46.947] [DEBUG] default - Session ID @ /profile route: 6:15:46 PM: Jbf0xvX2J2K0ShfbXC7zx4jC2MRRv9M5
[2022-11-14T18:15:46.947] [ERROR] default - /profile 302 Not Authenticated
[2022-11-14T18:15:50.392] [DEBUG] default - Session ID @ /profile route: 6:15:50 PM: Jbf0xvX2J2K0ShfbXC7zx4jC2MRRv9M5
[2022-11-14T18:15:50.393] [ERROR] default - /profile 302 Not Authenticated
[2022-11-14T18:15:50.435] [DEBUG] default - Session ID @ /profile route: 6:15:50 PM: Jbf0xvX2J2K0ShfbXC7zx4jC2MRRv9M5
[2022-11-14T18:15:50.435] [ERROR] default - /profile 302 Not Authenticated
[2022-11-14T18:15:50.475] [DEBUG] default - Session ID @ /profile route: 6:15:50 PM: Jbf0xvX2J2K0ShfbXC7zx4jC2MRRv9M5
[2022-11-14T18:15:50.475] [ERROR] default - /profile 302 Not Authenticated
[2022-11-14T18:15:51.237] [DEBUG] default - Session ID @ /profile route: 6:15:51 PM: Jbf0xvX2J2K0ShfbXC7zx4jC2MRRv9M5
[2022-11-14T18:15:51.237] [ERROR] default - /profile 302 Not Authenticated
[2022-11-14T18:15:51.287] [DEBUG] default - Session ID @ /profile route: 6:15:51 PM: Jbf0xvX2J2K0ShfbXC7zx4jC2MRRv9M5
[2022-11-14T18:15:51.287] [ERROR] default - /profile 302 Not Authenticated
[2022-11-14T18:16:49.443] [DEBUG] default - Session ID @ /profile route: 6:16:49 PM: Jbf0xvX2J2K0ShfbXC7zx4jC2MRRv9M5
[2022-11-14T18:16:49.443] [ERROR] default - /profile 302 Not Authenticated
[2022-11-14T18:16:50.198] [DEBUG] default - Session ID @ /profile route: 6:16:50 PM: Jbf0xvX2J2K0ShfbXC7zx4jC2MRRv9M5
[2022-11-14T18:16:50.198] [ERROR] default - /profile 302 Not Authenticated
[2022-11-14T18:16:52.187] [DEBUG] default - Session ID @ /profile route: 6:16:52 PM: Jbf0xvX2J2K0ShfbXC7zx4jC2MRRv9M5
[2022-11-14T18:16:52.187] [ERROR] default - /profile 302 Not Authenticated
[2022-11-14T18:16:53.147] [DEBUG] default - Session ID @ /profile route: 6:16:53 PM: Jbf0xvX2J2K0ShfbXC7zx4jC2MRRv9M5
[2022-11-14T18:16:53.147] [ERROR] default - /profile 302 Not Authenticated
[2023-05-05T23:29:23.688] [DEBUG] default - Session ID @ /profile route: 11:29:23 PM: LZEeKDTsL0mXKea_dfquqkIdhxtmvAMt
[2023-05-05T23:29:23.688] [ERROR] default - /profile 302 Not Authenticated
[2023-05-05T23:29:28.063] [DEBUG] default - Session ID @ /profile route: 11:29:28 PM: U4YDyq1csbpD34tSGEzhc_lGjwX2YVrD
[2023-05-05T23:29:28.064] [ERROR] default - /profile 302 Not Authenticated
[2023-05-05T23:29:28.089] [DEBUG] default - Session ID @ /profile route: 11:29:28 PM: 7zySBt0xrjKb5nIJ2xmE_7W8DZVeKwf5
[2023-05-05T23:29:28.089] [ERROR] default - /profile 302 Not Authenticated
[2023-05-05T23:29:30.220] [DEBUG] default - Session ID @ /profile route: 11:29:30 PM: 7OI4H-890tLgAn1DlahKZR1g29evRIn0
[2023-05-05T23:29:30.220] [ERROR] default - /profile 302 Not Authenticated
[2023-05-05T23:29:30.319] [DEBUG] default - Session ID @ /profile route: 11:29:30 PM: PBiz3HTTEAGL7bWytwSjcP6z4_0euU7F
[2023-05-05T23:29:30.320] [ERROR] default - /profile 302 Not Authenticated
[2023-05-05T23:29:30.422] [DEBUG] default - Session ID @ /profile route: 11:29:30 PM: 2uvLactz9nAnK2OwKWsKkTG48GNh8dJZ
[2023-05-05T23:29:30.422] [ERROR] default - /profile 302 Not Authenticated
[2023-05-05T23:29:30.483] [DEBUG] default - Session ID @ /profile route: 11:29:30 PM: bLnFN0b0V9gTwGlDU58E8zmivIRI7D1b
[2023-05-05T23:29:30.483] [ERROR] default - /profile 302 Not Authenticated
[2023-05-05T23:29:30.593] [DEBUG] default - Session ID @ /profile route: 11:29:30 PM: G5WGFViJbdc56zkIjQTY0eJPpJ6lymKx
[2023-05-05T23:29:30.594] [ERROR] default - /profile 302 Not Authenticated
[2023-05-05T23:29:30.675] [DEBUG] default - Session ID @ /profile route: 11:29:30 PM: CuuBxk9SWtCG2EIcV9ewLO9YZwlHAjMp
[2023-05-05T23:29:30.676] [ERROR] default - /profile 302 Not Authenticated
[2023-05-05T23:29:30.955] [DEBUG] default - Session ID @ /profile route: 11:29:30 PM: qyfoiWkdYMMZthWAKCiyZOH7d07dCbus
[2023-05-05T23:29:30.955] [ERROR] default - /profile 302 Not Authenticated
[2023-05-05T23:29:31.052] [DEBUG] default - Session ID @ /profile route: 11:29:31 PM: vx-aiL28pKNwAdwGM3-a582NWj66SlmH
[2023-05-05T23:29:31.052] [ERROR] default - /profile 302 Not Authenticated
[2023-05-05T23:29:31.133] [DEBUG] default - Session ID @ /profile route: 11:29:31 PM: XbEpmGEPUzVtUyFuNr4hXj_piryeimFv
[2023-05-05T23:29:31.133] [ERROR] default - /profile 302 Not Authenticated
[2023-05-05T23:29:31.435] [DEBUG] default - Session ID @ /profile route: 11:29:31 PM: wU-CODvLiFJmgptXaaBWXR7yo4uy4DBC
[2023-05-05T23:29:31.435] [ERROR] default - /profile 302 Not Authenticated
[2023-05-05T23:29:31.985] [DEBUG] default - Session ID @ /profile route: 11:29:31 PM: KrGKvSvDudSeg4m0fVWh7UEH9OpzFnfn
[2023-05-05T23:29:31.985] [ERROR] default - /profile 302 Not Authenticated
[2023-05-05T23:29:32.466] [DEBUG] default - Session ID @ /profile route: 11:29:32 PM: iM1vYR0MckWplirZu000xl8pf87tfuRU
[2023-05-05T23:29:32.467] [ERROR] default - /profile 302 Not Authenticated
[2023-05-05T23:29:32.791] [DEBUG] default - Session ID @ /profile route: 11:29:32 PM: KU4lgTQKMc_lPncaXShMzj8rYKO_bRZk
[2023-05-05T23:29:32.791] [ERROR] default - /profile 302 Not Authenticated
[2023-05-05T23:29:32.912] [DEBUG] default - Session ID @ /profile route: 11:29:32 PM: gefcqWIpOS5PUXxPT7Y03FkM-lnYoOKu
[2023-05-05T23:29:32.912] [ERROR] default - /profile 302 Not Authenticated
[2023-05-05T23:29:33.029] [DEBUG] default - Session ID @ /profile route: 11:29:33 PM: L5hztT1gcbIL_3nuIJmZn2tlFBbILtiM
[2023-05-05T23:29:33.029] [ERROR] default - /profile 302 Not Authenticated
[2023-05-05T23:29:33.107] [DEBUG] default - Session ID @ /profile route: 11:29:33 PM: 0FPz1b7N_Wh8Z6BBuzY-hdEguXV7mLtq
[2023-05-05T23:29:33.107] [ERROR] default - /profile 302 Not Authenticated
[2023-05-05T23:29:33.305] [DEBUG] default - Session ID @ /profile route: 11:29:33 PM: bfgBA1LuWhGfSur3hc0-e9jYE-wuwML5
[2023-05-05T23:29:33.305] [ERROR] default - /profile 302 Not Authenticated
[2023-05-05T23:29:33.501] [DEBUG] default - Session ID @ /profile route: 11:29:33 PM: KpIRbnUPlRj0l0VZI-o-i7iWgjnCp45g
[2023-05-05T23:29:33.501] [ERROR] default - /profile 302 Not Authenticated
[2023-05-05T23:29:33.508] [DEBUG] default - Session ID @ /profile route: 11:29:33 PM: 6SEPmbOWMFFZhZOMk9mHKmqkssA6ET1g
[2023-05-05T23:29:33.508] [ERROR] default - /profile 302 Not Authenticated
[2023-05-05T23:29:33.575] [DEBUG] default - Session ID @ /profile route: 11:29:33 PM: RXqzf36ETL07X3f2vHvzfGXIj7C4VJEi
[2023-05-05T23:29:33.576] [ERROR] default - /profile 302 Not Authenticated
[2023-05-05T23:29:33.927] [DEBUG] default - Session ID @ /profile route: 11:29:33 PM: y97zNDobaV5LDrZ81M7fcNGayiRANc6b
[2023-05-05T23:29:33.927] [ERROR] default - /profile 302 Not Authenticated
[2023-05-05T23:29:34.088] [DEBUG] default - Session ID @ /profile route: 11:29:34 PM: dphiLg4RxJU8gk0jFes56SAhm3ZO5qTE
[2023-05-05T23:29:34.088] [ERROR] default - /profile 302 Not Authenticated
[2023-05-05T23:29:34.228] [DEBUG] default - Session ID @ /profile route: 11:29:34 PM: qgfFGXxbG3uOQIbJyeDU_ackuGoupoLm
[2023-05-05T23:29:34.229] [ERROR] default - /profile 302 Not Authenticated
[2023-05-05T23:29:34.481] [DEBUG] default - Session ID @ /profile route: 11:29:34 PM: 93lOFiGoeYt7NhcrdLg1fbPMgK3nm_Dz
[2023-05-05T23:29:34.481] [ERROR] default - /profile 302 Not Authenticated
[2023-05-05T23:29:34.599] [DEBUG] default - Session ID @ /profile route: 11:29:34 PM: p2iGuLQLPw5HOFac6kcFhNTSIW8GFX6R
[2023-05-05T23:29:34.599] [ERROR] default - /profile 302 Not Authenticated
[2023-05-05T23:29:34.710] [DEBUG] default - Session ID @ /profile route: 11:29:34 PM: lllWvkULJUESyLnPxP13QGN7nR9-Dgvk
[2023-05-05T23:29:34.710] [ERROR] default - /profile 302 Not Authenticated
[2023-05-05T23:29:34.788] [DEBUG] default - Session ID @ /profile route: 11:29:34 PM: rsTxCBGUY5eDgV7zqtYvwhPF-D88NZiF
[2023-05-05T23:29:34.788] [ERROR] default - /profile 302 Not Authenticated
[2023-05-05T23:29:35.640] [DEBUG] default - Session ID @ /profile route: 11:29:35 PM: N7t7p3rlJ2O6aoFYX4xmDMm0azc-dN82
[2023-05-05T23:29:35.640] [ERROR] default - /profile 302 Not Authenticated
[2023-05-05T23:29:35.805] [DEBUG] default - Session ID @ /profile route: 11:29:35 PM: kzQ7tibbHAUJICJpDalIYk_nDF_zhZzH
[2023-05-05T23:29:35.805] [ERROR] default - /profile 302 Not Authenticated
[2023-05-05T23:29:36.040] [DEBUG] default - Session ID @ /profile route: 11:29:36 PM: HZLKkMEDdBptzDZDXqSMdncLFjugPbkc
[2023-05-05T23:29:36.040] [ERROR] default - /profile 302 Not Authenticated
[2023-05-05T23:29:36.147] [DEBUG] default - Session ID @ /profile route: 11:29:36 PM: cTp8ptYjfx7PAeu2rqyu_Lgv60WAm5et
[2023-05-05T23:29:36.147] [ERROR] default - /profile 302 Not Authenticated
[2023-05-05T23:29:36.699] [DEBUG] default - Session ID @ /profile route: 11:29:36 PM: zbPEwh-yuIN60wCpnN8CrJbudom3HQfA
[2023-05-05T23:29:36.700] [ERROR] default - /profile 302 Not Authenticated
[2023-05-05T23:29:36.781] [DEBUG] default - Session ID @ /profile route: 11:29:36 PM: DI-LyjvZF149Z6MX1c71vBt0QSklzGR4
[2023-05-05T23:29:36.781] [ERROR] default - /profile 302 Not Authenticated
[2023-05-05T23:29:36.942] [DEBUG] default - Session ID @ /profile route: 11:29:36 PM: yKQJgORqf3St6Euo-RrtwXULpOC8-e2e
[2023-05-05T23:29:36.942] [ERROR] default - /profile 302 Not Authenticated
[2023-05-05T23:29:37.210] [DEBUG] default - Session ID @ /profile route: 11:29:37 PM: czVr2ooZzAXtaJSG4VpTy3XXt3kc7Dqx
[2023-05-05T23:29:37.210] [ERROR] default - /profile 302 Not Authenticated
[2023-05-05T23:29:40.721] [DEBUG] default - Session ID before @ /login route: 11:29:40 PM: M7_7ibVz7b6NnjOF28Q57kwuEabf1hse
[2023-05-05T23:29:40.721] [DEBUG] default - Session ID after @ /login route: M7_7ibVz7b6NnjOF28Q57kwuEabf1hse
[2023-05-05T23:29:40.721] [DEBUG] default - vibhorsgr@gmail.com Authenticated: true
[2023-05-05T23:29:40.721] [DEBUG] default - /login 200 Login Successful
[2023-05-05T23:29:40.877] [DEBUG] default - Session ID @ /profile route: 11:29:40 PM: M7_7ibVz7b6NnjOF28Q57kwuEabf1hse
[2023-05-05T23:29:40.877] [DEBUG] default - vibhorsgr@gmail.com Authenticated: true
[2023-05-05T23:29:41.001] [DEBUG] default - Session ID @ /profile route: 11:29:41 PM: M7_7ibVz7b6NnjOF28Q57kwuEabf1hse
[2023-05-05T23:29:41.001] [DEBUG] default - vibhorsgr@gmail.com Authenticated: true
[2023-05-05T23:29:41.276] [DEBUG] default - Session ID @ /profile route: 11:29:41 PM: M7_7ibVz7b6NnjOF28Q57kwuEabf1hse
[2023-05-05T23:29:41.276] [DEBUG] default - vibhorsgr@gmail.com Authenticated: true
[2023-05-05T23:29:41.325] [DEBUG] default - vibhorsgr@gmail.com
[2023-05-05T23:29:41.325] [DEBUG] default - [
  {
    _id: new ObjectId("642305bbac9058e46adfac60"),
    date: '3/28/2023',
    time: '08:20 AM',
    username: 'vibhorsgr@gmail.com',
    __v: 0
  }
]
[2023-05-05T23:29:43.000] [DEBUG] default - Session ID @ /profile route: 11:29:43 PM: M7_7ibVz7b6NnjOF28Q57kwuEabf1hse
[2023-05-05T23:29:43.000] [DEBUG] default - vibhorsgr@gmail.com Authenticated: true
[2023-05-05T23:29:43.013] [DEBUG] default - Session ID @ /profile route: 11:29:43 PM: M7_7ibVz7b6NnjOF28Q57kwuEabf1hse
[2023-05-05T23:29:43.013] [DEBUG] default - vibhorsgr@gmail.com Authenticated: true
[2023-05-05T23:29:43.252] [DEBUG] default - Session ID @ /profile route: 11:29:43 PM: M7_7ibVz7b6NnjOF28Q57kwuEabf1hse
[2023-05-05T23:29:43.252] [DEBUG] default - vibhorsgr@gmail.com Authenticated: true
[2023-05-05T23:29:43.313] [DEBUG] default - vibhorsgr@gmail.com
[2023-05-05T23:29:43.314] [DEBUG] default - [
  {
    _id: new ObjectId("642305bbac9058e46adfac60"),
    date: '3/28/2023',
    time: '08:20 AM',
    username: 'vibhorsgr@gmail.com',
    __v: 0
  }
]
[2023-05-05T23:29:47.315] [DEBUG] default - Session ID @ /profile route: 11:29:47 PM: M7_7ibVz7b6NnjOF28Q57kwuEabf1hse
[2023-05-05T23:29:47.315] [DEBUG] default - vibhorsgr@gmail.com Authenticated: true
[2023-05-05T23:29:49.437] [DEBUG] default - Session ID @ /profile route: 11:29:49 PM: M7_7ibVz7b6NnjOF28Q57kwuEabf1hse
[2023-05-05T23:29:49.437] [DEBUG] default - vibhorsgr@gmail.com Authenticated: true
[2023-05-05T23:29:49.525] [DEBUG] default - /logout 200 Logout Successful
[2023-05-05T23:29:49.621] [DEBUG] default - Session ID @ /profile route: 11:29:49 PM: _1WWhnYIM6s6BQShUwgjzHBjJzqdZTN6
[2023-05-05T23:29:49.621] [ERROR] default - /profile 302 Not Authenticated
[2023-05-05T23:29:51.367] [DEBUG] default - Session ID @ /profile route: 11:29:51 PM: _1WWhnYIM6s6BQShUwgjzHBjJzqdZTN6
[2023-05-05T23:29:51.367] [ERROR] default - /profile 302 Not Authenticated
[2023-05-05T23:29:51.382] [DEBUG] default - Session ID @ /profile route: 11:29:51 PM: _1WWhnYIM6s6BQShUwgjzHBjJzqdZTN6
[2023-05-05T23:29:51.382] [ERROR] default - /profile 302 Not Authenticated
[2023-05-05T23:29:51.385] [DEBUG] default - Session ID @ /profile route: 11:29:51 PM: _1WWhnYIM6s6BQShUwgjzHBjJzqdZTN6
[2023-05-05T23:29:56.075] [DEBUG] default - Session ID @ /profile route: 11:29:56 PM: _1WWhnYIM6s6BQShUwgjzHBjJzqdZTN6
[2023-05-05T23:29:56.075] [ERROR] default - /profile 302 Not Authenticated
[2023-05-05T23:29:57.178] [DEBUG] default - Session ID @ /profile route: 11:29:57 PM: _1WWhnYIM6s6BQShUwgjzHBjJzqdZTN6
[2023-05-05T23:29:57.178] [ERROR] default - /profile 302 Not Authenticated
[2023-05-05T23:29:58.023] [DEBUG] default - Session ID @ /profile route: 11:29:58 PM: _1WWhnYIM6s6BQShUwgjzHBjJzqdZTN6
[2023-05-05T23:29:58.024] [ERROR] default - /profile 302 Not Authenticated
[2023-05-05T23:29:58.828] [DEBUG] default - Session ID @ /profile route: 11:29:58 PM: _1WWhnYIM6s6BQShUwgjzHBjJzqdZTN6
[2023-05-05T23:29:58.828] [ERROR] default - /profile 302 Not Authenticated
[2023-05-05T23:29:59.520] [DEBUG] default - Session ID @ /profile route: 11:29:59 PM: _1WWhnYIM6s6BQShUwgjzHBjJzqdZTN6
[2023-05-05T23:29:59.521] [ERROR] default - /profile 302 Not Authenticated
[2023-05-05T23:30:00.803] [DEBUG] default - Session ID @ /profile route: 11:30:00 PM: _1WWhnYIM6s6BQShUwgjzHBjJzqdZTN6
[2023-05-05T23:30:00.803] [ERROR] default - /profile 302 Not Authenticated
[2023-05-05T23:30:01.287] [DEBUG] default - Session ID @ /profile route: 11:30:01 PM: _1WWhnYIM6s6BQShUwgjzHBjJzqdZTN6
[2023-05-05T23:30:01.287] [ERROR] default - /profile 302 Not Authenticated
[2023-05-05T23:30:01.782] [DEBUG] default - Session ID @ /profile route: 11:30:01 PM: _1WWhnYIM6s6BQShUwgjzHBjJzqdZTN6
[2023-05-05T23:30:01.783] [ERROR] default - /profile 302 Not Authenticated
